0 info it worked if it ends with ok
1 verbose cli [ 'node', '/usr/local/bin/npm', 'install' ]
2 info using npm@2.7.5
3 info using node@v0.12.2
4 verbose node symlink /usr/local/bin/node
5 verbose install where, deps [ '/Users/pcullen/git/drone-browser',
5 verbose install   [ 'express', 'ar-drone', 'faye', 'canvas', 'gifencoder' ] ]
6 verbose install where, peers [ '/Users/pcullen/git/drone-browser', [] ]
7 info preinstall drone-browser@0.1.0
8 warn package.json faye@0.8.6 'repositories' (plural) Not supported. Please pick one as the 'repository' field
9 verbose already installed skipping express@~3.0.0 /Users/pcullen/git/drone-browser
10 verbose already installed skipping ar-drone@git://github.com/felixge/node-ar-drone.git#ccc1e53dea91a9309be034d706235d7e8763065a /Users/pcullen/git/drone-browser
11 verbose already installed skipping faye@0.8.x /Users/pcullen/git/drone-browser
12 silly cache add args [ 'canvas@1.2.3', null ]
13 verbose cache add spec canvas@1.2.3
14 silly cache add parsed spec { raw: 'canvas@1.2.3',
14 silly cache add   scope: null,
14 silly cache add   name: 'canvas',
14 silly cache add   rawSpec: '1.2.3',
14 silly cache add   spec: '1.2.3',
14 silly cache add   type: 'version' }
15 verbose addNamed canvas@1.2.3
16 silly addNamed semver.valid 1.2.3
17 silly addNamed semver.validRange 1.2.3
18 silly mapToRegistry name canvas
19 silly mapToRegistry using default registry
20 silly mapToRegistry registry https://registry.npmjs.org/
21 silly mapToRegistry uri https://registry.npmjs.org/canvas
22 verbose addNameVersion registry:https://registry.npmjs.org/canvas not in flight; fetching
23 silly cache add args [ 'gifencoder@1.0.6', null ]
24 verbose cache add spec gifencoder@1.0.6
25 silly cache add parsed spec { raw: 'gifencoder@1.0.6',
25 silly cache add   scope: null,
25 silly cache add   name: 'gifencoder',
25 silly cache add   rawSpec: '1.0.6',
25 silly cache add   spec: '1.0.6',
25 silly cache add   type: 'version' }
26 verbose addNamed gifencoder@1.0.6
27 silly addNamed semver.valid 1.0.6
28 silly addNamed semver.validRange 1.0.6
29 silly mapToRegistry name gifencoder
30 silly mapToRegistry using default registry
31 silly mapToRegistry registry https://registry.npmjs.org/
32 silly mapToRegistry uri https://registry.npmjs.org/gifencoder
33 verbose addNameVersion registry:https://registry.npmjs.org/gifencoder not in flight; fetching
34 verbose request uri https://registry.npmjs.org/canvas
35 verbose request no auth needed
36 info attempt registry request try #1 at 15:08:05
37 verbose request id 1db6acd0ec249db0
38 http request GET https://registry.npmjs.org/canvas
39 verbose request uri https://registry.npmjs.org/gifencoder
40 verbose request no auth needed
41 info attempt registry request try #1 at 15:08:05
42 http request GET https://registry.npmjs.org/gifencoder
43 http 200 https://registry.npmjs.org/canvas
44 silly get cb [ 200,
44 silly get   { server: 'CouchDB/1.5.0 (Erlang OTP/R16B03)',
44 silly get     etag: '"7OBRNWZD9Z2H2QMEMAL6A9LQZ"',
44 silly get     'content-type': 'application/json',
44 silly get     'cache-control': 'max-age=60',
44 silly get     'content-length': '67904',
44 silly get     'accept-ranges': 'bytes',
44 silly get     date: 'Thu, 28 May 2015 19:08:05 GMT',
44 silly get     via: '1.1 varnish',
44 silly get     age: '23',
44 silly get     connection: 'keep-alive',
44 silly get     'x-served-by': 'cache-iad2142-IAD',
44 silly get     'x-cache': 'HIT',
44 silly get     'x-cache-hits': '1',
44 silly get     'x-timer': 'S1432840085.387246,VS0,VE0',
44 silly get     vary: 'Accept' } ]
45 verbose get saving canvas to /Users/pcullen/.npm/registry.npmjs.org/canvas/.cache.json
46 silly mapToRegistry name canvas
47 silly mapToRegistry using default registry
48 silly mapToRegistry registry https://registry.npmjs.org/
49 silly mapToRegistry uri https://registry.npmjs.org/canvas
50 verbose addRemoteTarball https://registry.npmjs.org/canvas/-/canvas-1.2.3.tgz not in flight; adding
51 verbose addRemoteTarball [ 'https://registry.npmjs.org/canvas/-/canvas-1.2.3.tgz',
51 verbose addRemoteTarball   'bf4124cc360854a67486211120106cdd69744a58' ]
52 info retry fetch attempt 1 at 15:08:05
53 info attempt registry request try #1 at 15:08:05
54 http fetch GET https://registry.npmjs.org/canvas/-/canvas-1.2.3.tgz
55 http fetch 200 https://registry.npmjs.org/canvas/-/canvas-1.2.3.tgz
56 silly fetchAndShaCheck shasum bf4124cc360854a67486211120106cdd69744a58
57 verbose addTmpTarball /var/folders/zz/sqb3s37n2lgcbj597t73qswszz6xcg/T/npm-7811-835f0e59/registry.npmjs.org/canvas/-/canvas-1.2.3.tgz not in flight; adding
58 verbose addTmpTarball already have metadata; skipping unpack for canvas@1.2.3
59 silly cache afterAdd canvas@1.2.3
60 verbose afterAdd /Users/pcullen/.npm/canvas/1.2.3/package/package.json not in flight; writing
61 verbose afterAdd /Users/pcullen/.npm/canvas/1.2.3/package/package.json written
62 http 200 https://registry.npmjs.org/gifencoder
63 silly get cb [ 200,
63 silly get   { server: 'CouchDB/1.5.0 (Erlang OTP/R16B03)',
63 silly get     etag: '"ECLPHR6E2Y2PPVRWWNM7TRIIZ"',
63 silly get     'content-type': 'application/json',
63 silly get     'cache-control': 'max-age=60',
63 silly get     'content-length': '14851',
63 silly get     'accept-ranges': 'bytes',
63 silly get     date: 'Thu, 28 May 2015 19:08:05 GMT',
63 silly get     via: '1.1 varnish',
63 silly get     age: '0',
63 silly get     connection: 'keep-alive',
63 silly get     'x-served-by': 'cache-iad2141-IAD',
63 silly get     'x-cache': 'MISS',
63 silly get     'x-cache-hits': '0',
63 silly get     'x-timer': 'S1432840085.403989,VS0,VE458',
63 silly get     vary: 'Accept' } ]
64 verbose get saving gifencoder to /Users/pcullen/.npm/registry.npmjs.org/gifencoder/.cache.json
65 silly mapToRegistry name gifencoder
66 silly mapToRegistry using default registry
67 silly mapToRegistry registry https://registry.npmjs.org/
68 silly mapToRegistry uri https://registry.npmjs.org/gifencoder
69 verbose addRemoteTarball https://registry.npmjs.org/gifencoder/-/gifencoder-1.0.6.tgz not in flight; adding
70 verbose addRemoteTarball [ 'https://registry.npmjs.org/gifencoder/-/gifencoder-1.0.6.tgz',
70 verbose addRemoteTarball   'a3cbf6ffae172f6feb84fdd9e0e0de663803630c' ]
71 info retry fetch attempt 1 at 15:08:05
72 info attempt registry request try #1 at 15:08:05
73 http fetch GET https://registry.npmjs.org/gifencoder/-/gifencoder-1.0.6.tgz
74 http fetch 200 https://registry.npmjs.org/gifencoder/-/gifencoder-1.0.6.tgz
75 silly fetchAndShaCheck shasum a3cbf6ffae172f6feb84fdd9e0e0de663803630c
76 verbose addTmpTarball /var/folders/zz/sqb3s37n2lgcbj597t73qswszz6xcg/T/npm-7811-835f0e59/registry.npmjs.org/gifencoder/-/gifencoder-1.0.6.tgz not in flight; adding
77 verbose addTmpTarball already have metadata; skipping unpack for gifencoder@1.0.6
78 silly cache afterAdd gifencoder@1.0.6
79 verbose afterAdd /Users/pcullen/.npm/gifencoder/1.0.6/package/package.json not in flight; writing
80 verbose afterAdd /Users/pcullen/.npm/gifencoder/1.0.6/package/package.json written
81 silly install resolved [ { name: 'canvas',
81 silly install resolved     description: 'Canvas graphics API backed by Cairo',
81 silly install resolved     version: '1.2.3',
81 silly install resolved     author: { name: 'TJ Holowaychuk', email: 'tj@learnboost.com' },
81 silly install resolved     contributors: [ [Object], [Object], [Object] ],
81 silly install resolved     keywords:
81 silly install resolved      [ 'canvas',
81 silly install resolved        'graphic',
81 silly install resolved        'graphics',
81 silly install resolved        'pixman',
81 silly install resolved        'cairo',
81 silly install resolved        'image',
81 silly install resolved        'images',
81 silly install resolved        'pdf' ],
81 silly install resolved     homepage: 'https://github.com/learnboost/node-canvas',
81 silly install resolved     repository:
81 silly install resolved      { type: 'git',
81 silly install resolved        url: 'git://github.com/learnboost/node-canvas.git' },
81 silly install resolved     scripts: { test: 'make test', install: 'node-gyp rebuild' },
81 silly install resolved     dependencies: { nan: '^1.8.4' },
81 silly install resolved     devDependencies: { express: '3.0', jade: '0.28.1', mocha: '*', should: '*' },
81 silly install resolved     engines: { node: '>= 0.6.0' },
81 silly install resolved     main: './lib/canvas.js',
81 silly install resolved     license: 'MIT',
81 silly install resolved     gypfile: true,
81 silly install resolved     gitHead: 'a7c9c0ddb556d8a5c5f683e9f41075ad9cda94e8',
81 silly install resolved     bugs: { url: 'https://github.com/learnboost/node-canvas/issues' },
81 silly install resolved     _id: 'canvas@1.2.3',
81 silly install resolved     _shasum: 'bf4124cc360854a67486211120106cdd69744a58',
81 silly install resolved     _from: 'canvas@1.2.3',
81 silly install resolved     _npmVersion: '2.9.1',
81 silly install resolved     _nodeVersion: '0.12.3',
81 silly install resolved     _npmUser: { name: 'tootallnate', email: 'nathan@tootallnate.net' },
81 silly install resolved     maintainers: [ [Object], [Object], [Object], [Object], [Object] ],
81 silly install resolved     dist:
81 silly install resolved      { shasum: 'bf4124cc360854a67486211120106cdd69744a58',
81 silly install resolved        tarball: 'http://registry.npmjs.org/canvas/-/canvas-1.2.3.tgz' },
81 silly install resolved     directories: {},
81 silly install resolved     _resolved: 'https://registry.npmjs.org/canvas/-/canvas-1.2.3.tgz' },
81 silly install resolved   { name: 'gifencoder',
81 silly install resolved     version: '1.0.6',
81 silly install resolved     description: 'Streaming server-side animated (and non-animated) gif generation for node.js',
81 silly install resolved     main: 'index.js',
81 silly install resolved     scripts: { test: 'grunt ci' },
81 silly install resolved     repository: { type: 'git', url: 'https://github.com/eugeneware/gifencoder' },
81 silly install resolved     keywords:
81 silly install resolved      [ 'gif',
81 silly install resolved        'encode',
81 silly install resolved        'encoder',
81 silly install resolved        'GIF',
81 silly install resolved        'encoding',
81 silly install resolved        'animated',
81 silly install resolved        'canvas',
81 silly install resolved        'node-canvas',
81 silly install resolved        'server',
81 silly install resolved        'image',
81 silly install resolved        'images',
81 silly install resolved        'animations' ],
81 silly install resolved     author: { name: 'Eugene Ware', email: 'eugene@noblesamurai.com' },
81 silly install resolved     license: 'BSD-3-Clause',
81 silly install resolved     bugs: { url: 'https://github.com/eugeneware/gifencoder/issues' },
81 silly install resolved     dependencies: {},
81 silly install resolved     devDependencies:
81 silly install resolved      { 'expect.js': '^0.3.1',
81 silly install resolved        'grunt-contrib-jshint': '^0.10.0',
81 silly install resolved        'grunt-contrib-watch': '^0.6.1',
81 silly install resolved        grunt: '~0.4.1',
81 silly install resolved        'grunt-mocha-cli': '^1.10.0',
81 silly install resolved        'grunt-complexity': '^0.2.0',
81 silly install resolved        'grunt-cli': '~0.1.9',
81 silly install resolved        canvas: '~1.1.0',
81 silly install resolved        'concat-stream': '^1.4.6',
81 silly install resolved        'png-js': '~0.1.1',
81 silly install resolved        after: '~0.8.1',
81 silly install resolved        range: '0.0.2',
81 silly install resolved        'png-file-stream': '^1.0.0' },
81 silly install resolved     gitHead: 'ddbbd65aa9441ec63a03ac2d75c2944237fa5825',
81 silly install resolved     homepage: 'https://github.com/eugeneware/gifencoder',
81 silly install resolved     _id: 'gifencoder@1.0.6',
81 silly install resolved     _shasum: 'a3cbf6ffae172f6feb84fdd9e0e0de663803630c',
81 silly install resolved     _from: 'gifencoder@1.0.6',
81 silly install resolved     _npmVersion: '1.4.28',
81 silly install resolved     _npmUser: { name: 'eugeneware', email: 'eugene@noblesamurai.com' },
81 silly install resolved     maintainers: [ [Object] ],
81 silly install resolved     dist:
81 silly install resolved      { shasum: 'a3cbf6ffae172f6feb84fdd9e0e0de663803630c',
81 silly install resolved        tarball: 'http://registry.npmjs.org/gifencoder/-/gifencoder-1.0.6.tgz' },
81 silly install resolved     directories: {},
81 silly install resolved     _resolved: 'https://registry.npmjs.org/gifencoder/-/gifencoder-1.0.6.tgz' } ]
82 info install canvas@1.2.3 into /Users/pcullen/git/drone-browser
83 info install gifencoder@1.0.6 into /Users/pcullen/git/drone-browser
84 info installOne canvas@1.2.3
85 verbose installOne of canvas to /Users/pcullen/git/drone-browser not in flight; installing
86 info installOne gifencoder@1.0.6
87 verbose installOne of gifencoder to /Users/pcullen/git/drone-browser not in flight; installing
88 verbose lock using /Users/pcullen/.npm/_locks/canvas-45b8d1b2d6958c3d.lock for /Users/pcullen/git/drone-browser/node_modules/canvas
89 verbose lock using /Users/pcullen/.npm/_locks/gifencoder-0596a0ea49b259a2.lock for /Users/pcullen/git/drone-browser/node_modules/gifencoder
90 silly install write writing canvas 1.2.3 to /Users/pcullen/git/drone-browser/node_modules/canvas
91 silly install write writing gifencoder 1.0.6 to /Users/pcullen/git/drone-browser/node_modules/gifencoder
92 silly cache addNamed cb canvas@1.2.3
93 verbose unbuild node_modules/canvas
94 silly gentlyRm /Users/pcullen/git/drone-browser/node_modules/canvas is being purged from base /Users/pcullen/git/drone-browser
95 verbose gentlyRm don't care about contents; nuking /Users/pcullen/git/drone-browser/node_modules/canvas
96 verbose tar unpack /Users/pcullen/.npm/canvas/1.2.3/package.tgz
97 verbose tar unpacking to /Users/pcullen/git/drone-browser/node_modules/canvas
98 silly gentlyRm /Users/pcullen/git/drone-browser/node_modules/canvas is being purged
99 verbose gentlyRm don't care about contents; nuking /Users/pcullen/git/drone-browser/node_modules/canvas
100 silly cache addNamed cb gifencoder@1.0.6
101 verbose unbuild node_modules/gifencoder
102 silly gunzTarPerm modes [ '755', '644' ]
103 silly gentlyRm /Users/pcullen/git/drone-browser/node_modules/gifencoder is being purged from base /Users/pcullen/git/drone-browser
104 verbose gentlyRm don't care about contents; nuking /Users/pcullen/git/drone-browser/node_modules/gifencoder
105 verbose tar unpack /Users/pcullen/.npm/gifencoder/1.0.6/package.tgz
106 verbose tar unpacking to /Users/pcullen/git/drone-browser/node_modules/gifencoder
107 silly gentlyRm /Users/pcullen/git/drone-browser/node_modules/gifencoder is being purged
108 verbose gentlyRm don't care about contents; nuking /Users/pcullen/git/drone-browser/node_modules/gifencoder
109 silly gunzTarPerm modes [ '755', '644' ]
110 silly gunzTarPerm extractEntry package.json
111 silly gunzTarPerm extractEntry package.json
112 silly gunzTarPerm extractEntry .npmignore
113 silly gunzTarPerm extractEntry index.js
114 silly gunzTarPerm extractEntry .npmignore
115 silly gunzTarPerm extractEntry README.md
116 silly gunzTarPerm extractEntry History.md
117 silly gunzTarPerm extractEntry Makefile
118 silly gunzTarPerm extractEntry LICENSE
119 silly gunzTarPerm extractEntry Gruntfile.js
120 silly gunzTarPerm extractEntry Readme.md
121 silly gunzTarPerm extractEntry binding.gyp
122 silly gunzTarPerm extractEntry index.js
123 silly gunzTarPerm extractEntry examples/example.js
124 silly gunzTarPerm extractEntry .gitmodules
125 silly gunzTarPerm extractEntry install
126 silly gunzTarPerm extractEntry examples/streaming.js
127 silly gunzTarPerm extractEntry examples/myanimated.gif
128 silly gunzTarPerm extractEntry lib/GIFEncoder.js
129 silly gunzTarPerm extractEntry lib/LZWEncoder.js
130 silly gunzTarPerm extractEntry lib/NeuQuant.js
131 silly gunzTarPerm extractEntry lib/bindings.js
132 silly gunzTarPerm extractEntry lib/canvas.js
133 silly gunzTarPerm extractEntry lib/TypedNeuQuant.js
134 silly gunzTarPerm extractEntry .jshintrc
135 silly gunzTarPerm extractEntry lib/context2d.js
136 silly gunzTarPerm extractEntry lib/image.js
137 silly gunzTarPerm extractEntry test/index.js
138 silly gunzTarPerm extractEntry test/fixtures/frame0.png
139 silly gunzTarPerm extractEntry test/fixtures/frame1.png
140 silly gunzTarPerm extractEntry test/fixtures/frame2.png
141 silly gunzTarPerm extractEntry lib/jpegstream.js
142 silly gunzTarPerm extractEntry lib/pixelarray.js
143 silly gunzTarPerm extractEntry test/fixtures/in.png
144 silly gunzTarPerm extractEntry test/fixtures/out.gif
145 silly gunzTarPerm extractEntry lib/pngstream.js
146 silly gunzTarPerm extractEntry .travis.yml
147 silly gunzTarPerm extractEntry src/Image.h
148 silly gunzTarPerm extractEntry src/Canvas.cc
149 silly gunzTarPerm extractEntry src/CanvasGradient.cc
150 silly gunzTarPerm extractEntry src/CanvasGradient.h
151 silly gunzTarPerm extractEntry src/CanvasPattern.cc
152 silly gunzTarPerm extractEntry src/CanvasPattern.h
153 silly gunzTarPerm extractEntry src/CanvasRenderingContext2d.cc
154 silly gunzTarPerm extractEntry src/CanvasRenderingContext2d.h
155 silly gunzTarPerm extractEntry src/FontFace.cc
156 silly gunzTarPerm extractEntry src/FontFace.h
157 silly gunzTarPerm extractEntry src/Image.cc
158 silly gunzTarPerm extractEntry src/Canvas.h
159 silly gunzTarPerm extractEntry src/ImageData.cc
160 silly gunzTarPerm extractEntry src/ImageData.h
161 silly gunzTarPerm extractEntry src/JPEGStream.h
162 silly gunzTarPerm extractEntry src/PNG.h
163 silly gunzTarPerm extractEntry src/PixelArray.cc
164 silly gunzTarPerm extractEntry src/PixelArray.h
165 silly gunzTarPerm extractEntry src/Point.h
166 silly gunzTarPerm extractEntry src/closure.h
167 silly gunzTarPerm extractEntry src/color.cc
168 silly gunzTarPerm extractEntry src/color.h
169 silly gunzTarPerm extractEntry src/init.cc
170 silly gunzTarPerm extractEntry util/cairo_include.sh
171 silly gunzTarPerm extractEntry util/has_cairo_freetype.sh
172 silly gunzTarPerm extractEntry util/has_lib.sh
173 silly gunzTarPerm extractEntry util/lib_lookup.sh
174 info preinstall gifencoder@1.0.6
175 silly install resolved []
176 verbose about to build /Users/pcullen/git/drone-browser/node_modules/gifencoder
177 info build /Users/pcullen/git/drone-browser/node_modules/gifencoder
178 verbose linkStuff [ false,
178 verbose linkStuff   false,
178 verbose linkStuff   false,
178 verbose linkStuff   '/Users/pcullen/git/drone-browser/node_modules' ]
179 info linkStuff gifencoder@1.0.6
180 verbose linkBins gifencoder@1.0.6
181 verbose linkMans gifencoder@1.0.6
182 verbose rebuildBundles gifencoder@1.0.6
183 info install gifencoder@1.0.6
184 info postinstall gifencoder@1.0.6
185 verbose unlock done using /Users/pcullen/.npm/_locks/gifencoder-0596a0ea49b259a2.lock for /Users/pcullen/git/drone-browser/node_modules/gifencoder
186 info preinstall canvas@1.2.3
187 silly prepareForInstallMany adding nan@^1.8.4 from canvas dependencies
188 silly cache add args [ 'nan@^1.8.4', null ]
189 verbose cache add spec nan@^1.8.4
190 silly cache add parsed spec { raw: 'nan@^1.8.4',
190 silly cache add   scope: null,
190 silly cache add   name: 'nan',
190 silly cache add   rawSpec: '^1.8.4',
190 silly cache add   spec: '>=1.8.4 <2.0.0',
190 silly cache add   type: 'range' }
191 verbose addNamed nan@>=1.8.4 <2.0.0
192 silly addNamed semver.valid null
193 silly addNamed semver.validRange >=1.8.4 <2.0.0
194 silly addNameRange { name: 'nan', range: '>=1.8.4 <2.0.0', hasData: false }
195 silly mapToRegistry name nan
196 silly mapToRegistry using default registry
197 silly mapToRegistry registry https://registry.npmjs.org/
198 silly mapToRegistry uri https://registry.npmjs.org/nan
199 verbose addNameRange registry:https://registry.npmjs.org/nan not in flight; fetching
200 verbose request uri https://registry.npmjs.org/nan
201 verbose request no auth needed
202 info attempt registry request try #1 at 15:08:06
203 http request GET https://registry.npmjs.org/nan
204 http 200 https://registry.npmjs.org/nan
205 silly get cb [ 200,
205 silly get   { server: 'CouchDB/1.5.0 (Erlang OTP/R16B03)',
205 silly get     etag: '"1RCS7UXG3VTWMO3RITIUFQZKD"',
205 silly get     'content-type': 'application/json',
205 silly get     'cache-control': 'max-age=60',
205 silly get     'content-length': '109533',
205 silly get     'accept-ranges': 'bytes',
205 silly get     date: 'Thu, 28 May 2015 19:08:06 GMT',
205 silly get     via: '1.1 varnish',
205 silly get     age: '24',
205 silly get     connection: 'keep-alive',
205 silly get     'x-served-by': 'cache-iad2126-IAD',
205 silly get     'x-cache': 'HIT',
205 silly get     'x-cache-hits': '4',
205 silly get     'x-timer': 'S1432840086.488700,VS0,VE0',
205 silly get     vary: 'Accept' } ]
206 verbose get saving nan to /Users/pcullen/.npm/registry.npmjs.org/nan/.cache.json
207 silly addNameRange number 2 { name: 'nan', range: '>=1.8.4 <2.0.0', hasData: true }
208 silly addNameRange versions [ 'nan',
208 silly addNameRange   [ '0.3.0-wip',
208 silly addNameRange     '0.3.0-wip2',
208 silly addNameRange     '0.3.0',
208 silly addNameRange     '0.3.1',
208 silly addNameRange     '0.3.2',
208 silly addNameRange     '0.4.0',
208 silly addNameRange     '0.4.1',
208 silly addNameRange     '0.4.2',
208 silly addNameRange     '0.4.3',
208 silly addNameRange     '0.4.4',
208 silly addNameRange     '0.5.0',
208 silly addNameRange     '0.5.1',
208 silly addNameRange     '0.5.2',
208 silly addNameRange     '0.6.0',
208 silly addNameRange     '0.7.0',
208 silly addNameRange     '0.7.1',
208 silly addNameRange     '0.8.0',
208 silly addNameRange     '1.0.0',
208 silly addNameRange     '1.1.0',
208 silly addNameRange     '1.1.1',
208 silly addNameRange     '1.1.2',
208 silly addNameRange     '1.2.0',
208 silly addNameRange     '1.3.0',
208 silly addNameRange     '1.4.0',
208 silly addNameRange     '1.4.1',
208 silly addNameRange     '1.5.0',
208 silly addNameRange     '1.4.2',
208 silly addNameRange     '1.4.3',
208 silly addNameRange     '1.5.1',
208 silly addNameRange     '1.5.2',
208 silly addNameRange     '1.6.0',
208 silly addNameRange     '1.5.3',
208 silly addNameRange     '1.6.1',
208 silly addNameRange     '1.6.2',
208 silly addNameRange     '1.7.0',
208 silly addNameRange     '1.8.0',
208 silly addNameRange     '1.8.1',
208 silly addNameRange     '1.8.2',
208 silly addNameRange     '1.8.3',
208 silly addNameRange     '1.8.4' ] ]
209 verbose addNamed nan@1.8.4
210 silly addNamed semver.valid 1.8.4
211 silly addNamed semver.validRange 1.8.4
212 silly mapToRegistry name nan
213 silly mapToRegistry using default registry
214 silly mapToRegistry registry https://registry.npmjs.org/
215 silly mapToRegistry uri https://registry.npmjs.org/nan
216 verbose addRemoteTarball https://registry.npmjs.org/nan/-/nan-1.8.4.tgz not in flight; adding
217 verbose addRemoteTarball [ 'https://registry.npmjs.org/nan/-/nan-1.8.4.tgz',
217 verbose addRemoteTarball   '3c76b5382eab33e44b758d2813ca9d92e9342f34' ]
218 info retry fetch attempt 1 at 15:08:06
219 info attempt registry request try #1 at 15:08:06
220 http fetch GET https://registry.npmjs.org/nan/-/nan-1.8.4.tgz
221 http fetch 200 https://registry.npmjs.org/nan/-/nan-1.8.4.tgz
222 silly fetchAndShaCheck shasum 3c76b5382eab33e44b758d2813ca9d92e9342f34
223 verbose addTmpTarball /var/folders/zz/sqb3s37n2lgcbj597t73qswszz6xcg/T/npm-7811-835f0e59/registry.npmjs.org/nan/-/nan-1.8.4.tgz not in flight; adding
224 verbose addTmpTarball already have metadata; skipping unpack for nan@1.8.4
225 silly cache afterAdd nan@1.8.4
226 verbose afterAdd /Users/pcullen/.npm/nan/1.8.4/package/package.json not in flight; writing
227 verbose afterAdd /Users/pcullen/.npm/nan/1.8.4/package/package.json written
228 silly install resolved [ { name: 'nan',
228 silly install resolved     version: '1.8.4',
228 silly install resolved     description: 'Native Abstractions for Node.js: C++ header for Node 0.8->0.12 compatibility',
228 silly install resolved     main: 'include_dirs.js',
228 silly install resolved     repository: { type: 'git', url: 'git://github.com/iojs/nan.git' },
228 silly install resolved     scripts:
228 silly install resolved      { test: 'tap --gc test/js/*-test.js',
228 silly install resolved        'rebuild-tests': 'pangyp rebuild --directory test' },
228 silly install resolved     contributors:
228 silly install resolved      [ [Object],
228 silly install resolved        [Object],
228 silly install resolved        [Object],
228 silly install resolved        [Object],
228 silly install resolved        [Object],
228 silly install resolved        [Object],
228 silly install resolved        [Object] ],
228 silly install resolved     devDependencies:
228 silly install resolved      { bindings: '~1.2.1',
228 silly install resolved        'node-gyp': '~1.0.2',
228 silly install resolved        pangyp: '~2.0.1',
228 silly install resolved        tap: '~0.7.1',
228 silly install resolved        xtend: '~4.0.0' },
228 silly install resolved     license: 'MIT',
228 silly install resolved     gitHead: 'ed3bbf4ced0cf7937b4e4164766797f71aa97f3d',
228 silly install resolved     bugs: { url: 'https://github.com/iojs/nan/issues' },
228 silly install resolved     homepage: 'https://github.com/iojs/nan#readme',
228 silly install resolved     _id: 'nan@1.8.4',
228 silly install resolved     _shasum: '3c76b5382eab33e44b758d2813ca9d92e9342f34',
228 silly install resolved     _from: 'nan@>=1.8.4 <2.0.0',
228 silly install resolved     _npmVersion: '2.8.3',
228 silly install resolved     _nodeVersion: '0.12.2',
228 silly install resolved     _npmUser: { name: 'kkoopa', email: 'bbyholm@abo.fi' },
228 silly install resolved     maintainers: [ [Object], [Object] ],
228 silly install resolved     dist:
228 silly install resolved      { shasum: '3c76b5382eab33e44b758d2813ca9d92e9342f34',
228 silly install resolved        tarball: 'http://registry.npmjs.org/nan/-/nan-1.8.4.tgz' },
228 silly install resolved     directories: {},
228 silly install resolved     _resolved: 'https://registry.npmjs.org/nan/-/nan-1.8.4.tgz' } ]
229 info install nan@1.8.4 into /Users/pcullen/git/drone-browser/node_modules/canvas
230 info installOne nan@1.8.4
231 verbose installOne of nan to /Users/pcullen/git/drone-browser/node_modules/canvas not in flight; installing
232 verbose lock using /Users/pcullen/.npm/_locks/nan-ef191ae278cfaab2.lock for /Users/pcullen/git/drone-browser/node_modules/canvas/node_modules/nan
233 silly install write writing nan 1.8.4 to /Users/pcullen/git/drone-browser/node_modules/canvas/node_modules/nan
234 silly cache addNamed cb nan@1.8.4
235 verbose unbuild node_modules/canvas/node_modules/nan
236 silly gentlyRm /Users/pcullen/git/drone-browser/node_modules/canvas/node_modules/nan is being purged from base /Users/pcullen/git/drone-browser
237 verbose gentlyRm don't care about contents; nuking /Users/pcullen/git/drone-browser/node_modules/canvas/node_modules/nan
238 verbose tar unpack /Users/pcullen/.npm/nan/1.8.4/package.tgz
239 verbose tar unpacking to /Users/pcullen/git/drone-browser/node_modules/canvas/node_modules/nan
240 silly gentlyRm /Users/pcullen/git/drone-browser/node_modules/canvas/node_modules/nan is being purged
241 verbose gentlyRm don't care about contents; nuking /Users/pcullen/git/drone-browser/node_modules/canvas/node_modules/nan
242 silly gunzTarPerm modes [ '755', '644' ]
243 silly gunzTarPerm extractEntry package.json
244 silly gunzTarPerm modified mode [ 'package.json', 436, 420 ]
245 silly gunzTarPerm extractEntry README.md
246 silly gunzTarPerm modified mode [ 'README.md', 436, 420 ]
247 silly gunzTarPerm extractEntry include_dirs.js
248 silly gunzTarPerm modified mode [ 'include_dirs.js', 436, 420 ]
249 silly gunzTarPerm extractEntry LICENSE.md
250 silly gunzTarPerm modified mode [ 'LICENSE.md', 436, 420 ]
251 silly gunzTarPerm extractEntry .dntrc
252 silly gunzTarPerm modified mode [ '.dntrc', 436, 420 ]
253 silly gunzTarPerm extractEntry appveyor.yml
254 silly gunzTarPerm modified mode [ 'appveyor.yml', 436, 420 ]
255 silly gunzTarPerm extractEntry nan.h
256 silly gunzTarPerm modified mode [ 'nan.h', 436, 420 ]
257 silly gunzTarPerm extractEntry nan_implementation_12_inl.h
258 silly gunzTarPerm modified mode [ 'nan_implementation_12_inl.h', 436, 420 ]
259 silly gunzTarPerm extractEntry nan_implementation_pre_12_inl.h
260 silly gunzTarPerm modified mode [ 'nan_implementation_pre_12_inl.h', 436, 420 ]
261 silly gunzTarPerm extractEntry nan_new.h
262 silly gunzTarPerm modified mode [ 'nan_new.h', 436, 420 ]
263 silly gunzTarPerm extractEntry nan_string_bytes.h
264 silly gunzTarPerm modified mode [ 'nan_string_bytes.h', 436, 420 ]
265 silly gunzTarPerm extractEntry CHANGELOG.md
266 silly gunzTarPerm modified mode [ 'CHANGELOG.md', 436, 420 ]
267 info preinstall nan@1.8.4
268 silly install resolved []
269 verbose about to build /Users/pcullen/git/drone-browser/node_modules/canvas/node_modules/nan
270 info build /Users/pcullen/git/drone-browser/node_modules/canvas/node_modules/nan
271 verbose linkStuff [ false,
271 verbose linkStuff   false,
271 verbose linkStuff   false,
271 verbose linkStuff   '/Users/pcullen/git/drone-browser/node_modules/canvas/node_modules' ]
272 info linkStuff nan@1.8.4
273 verbose linkBins nan@1.8.4
274 verbose linkMans nan@1.8.4
275 verbose rebuildBundles nan@1.8.4
276 info install nan@1.8.4
277 info postinstall nan@1.8.4
278 verbose unlock done using /Users/pcullen/.npm/_locks/nan-ef191ae278cfaab2.lock for /Users/pcullen/git/drone-browser/node_modules/canvas/node_modules/nan
279 verbose about to build /Users/pcullen/git/drone-browser/node_modules/canvas
280 info build /Users/pcullen/git/drone-browser/node_modules/canvas
281 verbose linkStuff [ false,
281 verbose linkStuff   false,
281 verbose linkStuff   false,
281 verbose linkStuff   '/Users/pcullen/git/drone-browser/node_modules' ]
282 info linkStuff canvas@1.2.3
283 verbose linkBins canvas@1.2.3
284 verbose linkMans canvas@1.2.3
285 verbose rebuildBundles canvas@1.2.3
286 verbose rebuildBundles [ 'nan' ]
287 info install canvas@1.2.3
288 verbose unsafe-perm in lifecycle true
289 info canvas@1.2.3 Failed to exec install script
290 verbose unlock done using /Users/pcullen/.npm/_locks/canvas-45b8d1b2d6958c3d.lock for /Users/pcullen/git/drone-browser/node_modules/canvas
291 verbose stack Error: canvas@1.2.3 install: `node-gyp rebuild`
291 verbose stack Exit status 1
291 verbose stack     at EventEmitter.<anonymous> (/usr/local/lib/node_modules/npm/lib/utils/lifecycle.js:213:16)
291 verbose stack     at EventEmitter.emit (events.js:110:17)
291 verbose stack     at ChildProcess.<anonymous> (/usr/local/lib/node_modules/npm/lib/utils/spawn.js:14:12)
291 verbose stack     at ChildProcess.emit (events.js:110:17)
291 verbose stack     at maybeClose (child_process.js:1015:16)
291 verbose stack     at Process.ChildProcess._handle.onexit (child_process.js:1087:5)
292 verbose pkgid canvas@1.2.3
293 verbose cwd /Users/pcullen/git/drone-browser
294 error Darwin 14.3.0
295 error argv "node" "/usr/local/bin/npm" "install"
296 error node v0.12.2
297 error npm  v2.7.5
298 error code ELIFECYCLE
299 error canvas@1.2.3 install: `node-gyp rebuild`
299 error Exit status 1
300 error Failed at the canvas@1.2.3 install script 'node-gyp rebuild'.
300 error This is most likely a problem with the canvas package,
300 error not with npm itself.
300 error Tell the author that this fails on your system:
300 error     node-gyp rebuild
300 error You can get their info via:
300 error     npm owner ls canvas
300 error There is likely additional logging output above.
301 verbose exit [ 1, true ]
302 verbose unbuild node_modules/canvas
303 info preuninstall canvas@1.2.3
304 info uninstall canvas@1.2.3
305 verbose unbuild rmStuff canvas@1.2.3 from /Users/pcullen/git/drone-browser/node_modules
306 info postuninstall canvas@1.2.3
307 silly gentlyRm /Users/pcullen/git/drone-browser/node_modules/canvas is being purged from base /Users/pcullen/git/drone-browser
308 verbose gentlyRm don't care about contents; nuking /Users/pcullen/git/drone-browser/node_modules/canvas
309 silly vacuum-fs purging /Users/pcullen/git/drone-browser/node_modules/canvas
310 silly vacuum-fs quitting because other entries in /Users/pcullen/git/drone-browser/node_modules
